make all --print-data-base --no-builtin-variables --no-builtin-rules --question
# GNU Make 4.2.1
# Built for x86_64-pc-linux-gnu
# Copyright (C) 1988-2016 Free Software Foundation, Inc.
# License GPLv3+: GNU GPL version 3 or later <http://gnu.org/licenses/gpl.html>
# This is free software: you are free to change and redistribute it.
# There is NO WARRANTY, to the extent permitted by law.

# Make data base, printed on Fri Jun 24 14:27:45 2022

# Variables

# automatic
<D = $(patsubst %/,%,$(dir $<))
# automatic
?F = $(notdir $?)
# environment
DESKTOP_SESSION = ubuntu
# default
.SHELLFLAGS := -c
# environment
XDG_SESSION_CLASS = user
# environment
SNAP_COMMON = /var/snap/code/common
# environment
XDG_SESSION_TYPE = x11
# environment
VSCODE_LOG_NATIVE = false
# automatic
?D = $(patsubst %/,%,$(dir $?))
# environment
IM_CONFIG_PHASE = 1
# automatic
@D = $(patsubst %/,%,$(dir $@))
# environment
XAUTHORITY = /home/khadimou/.Xauthority
# environment
GDMSESSION = ubuntu
# environment
XMODIFIERS = @im=ibus
# makefile
CURDIR := /home/khadimou/Stage/CPP/build
# makefile (from 'Makefile', line 39)
SHELL = /bin/sh
# makefile (from 'Makefile', line 45)
RM = /usr/bin/cmake -E remove -f
# environment
SNAP_DATA = /var/snap/code/99
# environment
GDM_LANG = en_US
# environment
VSCODE_NLS_CONFIG = {"locale":"en-us","availableLanguages":{},"_languagePackSupport":true}
# environment
JOURNAL_STREAM = 8:131897
# environment
XDG_CONFIG_DIRS = /etc/xdg/xdg-ubuntu:/etc/xdg
# environment
SNAP_INSTANCE_NAME = code
# environment
SNAP_ARCH = amd64
# makefile (from 'Makefile', line 54)
CMAKE_BINARY_DIR = /home/khadimou/Stage/CPP/build
# makefile (from 'Makefile', line 1)
MAKEFILE_LIST :=  Makefile
# automatic
@F = $(notdir $@)
# environment
GIO_LAUNCHED_DESKTOP_FILE = /var/lib/snapd/desktop/applications/code_code.desktop
# 'override' directive
GNUMAKEFLAGS := 
# environment
MAKELEVEL := 0
# environment
XDG_DATA_DIRS = /usr/share/ubuntu:/usr/local/share:/usr/share:/var/lib/snapd/desktop
# environment
DBUS_SESSION_BUS_ADDRESS = unix:path=/run/user/1013/bus
# environment
VSCODE_VERBOSE_LOGGING = true
# environment
_ = /snap/code/99/usr/share/code/code
# environment
MANAGERPID = 3398
# environment
LESSOPEN = | /usr/bin/lesspipe %s
# environment
LC_NAME = fr_FR.UTF-8
# environment
VSCODE_CWD = /home/khadimou
# environment
XDG_SESSION_PATH = /org/freedesktop/DisplayManager/Session0
# environment
GSETTINGS_SCHEMA_DIR = /snap/code/99/usr/share/glib-2.0/schemas
# default
MAKE_HOST := x86_64-pc-linux-gnu
# environment
PATH = /home/khadimou/Stage/CPP/build/.micromamba:/home/khadimou/usr/bin:/home/khadimou/Stage/imagestocompare:/home/khadimou/miniconda3/bin:/home/khadimou/miniconda3/condabin:/usr/local/sbin:/usr/local/bin:/usr/sbin:/usr/bin:/sbin:/bin:/usr/games:/usr/local/games:/snap/bin:/home/khadimou/Stage/imagestocompare:/home/khadimou/Stage/imagestocompare
# environment
GPG_AGENT_INFO = /run/user/1013/gnupg/S.gpg-agent:0:1
# environment
SESSION_MANAGER = local/PowerEdge-T640-WS1:@/tmp/.ICE-unix/3797,unix/PowerEdge-T640-WS1:/tmp/.ICE-unix/3797
# environment
XDG_RUNTIME_DIR = /run/user/1013
# environment
GDK_PIXBUF_MODULE_FILE = /home/khadimou/snap/code/common/.cache/gdk-pixbuf-loaders.cache
# environment
SNAP = /snap/code/99
# environment
SNAP_VERSION = 30d9c6cd
# environment
CONDA_PREFIX = /home/khadimou/miniconda3
# environment
XDG_MENU_PREFIX = gnome-
# environment
VSCODE_LOG_STACK = false
# environment
DISABLE_WAYLAND = 1
# environment
ELECTRON_RUN_AS_NODE = 1
# environment
INVOCATION_ID = 5a9bc3758a014aaab598acf82253d865
# environment
GDK_PIXBUF_MODULEDIR = /snap/code/99/usr/lib/x86_64-linux-gnu/gdk-pixbuf-2.0/2.10.0/loaders
# default
.FEATURES := target-specific order-only second-expansion else-if shortest-stem undefine oneshell archives jobserver output-sync check-symlink load
# environment
XDG_GREETER_DATA_DIR = /var/lib/lightdm-data/khadimou
# environment
LS_COLORS = 
# environment
XDG_SESSION_DESKTOP = ubuntu
# environment
SSH_AUTH_SOCK = /run/user/1013/keyring/ssh
# environment
GIO_LAUNCHED_DESKTOP_FILE_PID = 363789
# automatic
%F = $(notdir $%)
# environment
DISPLAY = :0
# environment
CONDA_EXE = /home/khadimou/miniconda3/bin/conda
# default
MAKEFILES := 
# environment
VSCODE_PIPE_LOGGING = true
# environment
SNAP_INSTANCE_KEY = 
# environment
PWD = /home/khadimou/Stage/CPP/build
# default
.LOADED := 
# environment
SSH_AGENT_PID = 3694
# environment
ORIGINAL_XDG_CURRENT_DESKTOP = ubuntu:GNOME
# environment
GTK_MODULES = gail:atk-bridge
# environment
VSCODE_AMD_ENTRYPOINT = vs/workbench/api/node/extensionHostProcess
# environment
HOME = /home/khadimou
# environment
LD_LIBRARY_PATH = /home/khadimou/usr/lib:
# environment
LESSCLOSE = /usr/bin/lesspipe %s %s
# environment
VSCODE_CLI = 1
# environment
VSCODE_CODE_CACHE_PATH = /home/khadimou/.config/Code/CachedData/30d9c6cd9483b2cc586687151bcbcd635f373630
# environment
LOGNAME = khadimou
# environment
APPLICATION_INSIGHTS_NO_DIAGNOSTIC_CHANNEL = 1
# makefile (from 'Makefile', line 48)
EQUALS = =
# environment
SNAP_LIBRARY_PATH = /var/lib/snapd/lib/gl:/var/lib/snapd/lib/gl32:/var/lib/snapd/void
# environment
SNAP_CONTEXT = aVaAhSzOBoPsi0jQIl9fOAc7a6GcOii0MOUn1F_uVnWlRHYWEDLq
# environment
CONDA_PROMPT_MODIFIER = (base) 
# automatic
+F = $(notdir $+)
# environment
ELECTRON_NO_ATTACH_CONSOLE = 1
# environment
SNAP_USER_COMMON = /home/khadimou/snap/code/common
# environment
VSCODE_HANDLES_UNCAUGHT_ERRORS = true
# environment
GNOME_DESKTOP_SESSION_ID = this-is-deprecated
# automatic
^D = $(patsubst %/,%,$(dir $^))
# environment
LC_TIME = fr_FR.UTF-8
# environment
SNAP_REAL_HOME = /home/khadimou
# environment
CONDA_DEFAULT_ENV = base
# default
MAKE = $(MAKE_COMMAND)
# default
MAKECMDGOALS := all
# environment
QT_IM_MODULE = ibus
# environment
SNAP_USER_DATA = /home/khadimou/snap/code/99
# environment
SHLVL = 0
# environment
GNOME_SHELL_SESSION_MODE = ubuntu
# environment
VSCODE_IPC_HOOK_EXTHOST = /run/user/1013/vscode-ipc-6f450b7e-f86d-49c1-bb00-0327b5afa60d.sock
# default
MAKE_VERSION := 4.2.1
# environment
USER = khadimou
# environment
SNAP_REVISION = 99
# environment
LC_MONETARY = fr_FR.UTF-8
# makefile
.DEFAULT_GOAL := default_target
# environment
MAMBA_EXE = /home/khadimou/Stage/CPP/build/.micromamba/micromamba
# environment
XDG_CURRENT_DESKTOP = Unity
# makefile (from 'Makefile', line 51)
CMAKE_SOURCE_DIR = /home/khadimou/Stage/CPP
# automatic
%D = $(patsubst %/,%,$(dir $%))
# environment
LC_TELEPHONE = fr_FR.UTF-8
# environment
CONDA_SHLVL = 1
# default
MAKE_COMMAND := make
# default
.VARIABLES := 
# automatic
*F = $(notdir $*)
# environment
LANGUAGE = en_US
# environment
XDG_SEAT_PATH = /org/freedesktop/DisplayManager/Seat0
# environment
VSCODE_IPC_HOOK = /run/user/1013/vscode-e4b63aa0-1.68.1-main.sock
# environment
BAMF_DESKTOP_FILE_HINT = /var/lib/snapd/desktop/applications/code_code.desktop
# makefile
MAKEFLAGS = pqrRs
# environment
MFLAGS = -pqrRs
# automatic
*D = $(patsubst %/,%,$(dir $*))
# automatic
+D = $(patsubst %/,%,$(dir $+))
# environment
GDK_BACKEND = x11
# environment
LC_PAPER = fr_FR.UTF-8
# environment
LC_IDENTIFICATION = fr_FR.UTF-8
# environment
QT_ACCESSIBILITY = 1
# environment
MAMBA_ROOT_PREFIX = /home/khadimou/Stage/CPP/build/.micromamba
# environment
SNAP_COOKIE = aVaAhSzOBoPsi0jQIl9fOAc7a6GcOii0MOUn1F_uVnWlRHYWEDLq
# environment
LC_NUMERIC = fr_FR.UTF-8
# automatic
<F = $(notdir $<)
# environment
LC_MEASUREMENT = fr_FR.UTF-8
# environment
SNAP_NAME = code
# environment
LC_ALL = C
# environment
 
CONDA_PYTHON_EXE = /home/khadimou/miniconda3/bin/python
# environment
GJS_DEBUG_TOPICS = JS ERROR;JS LOG
# makefile (from 'Makefile', line 42)
CMAKE_COMMAND = /usr/bin/cmake
# automatic
^F = $(notdir $^)
# makefile (from 'Makefile', line 21)
SUFFIXES = 
# environment
SNAP_REEXEC = 
# environment
_CE_M = 
# environment
CHROME_DESKTOP = code-url-handler.desktop
# default
.INCLUDE_DIRS = /usr/include /usr/local/include /usr/include
# environment
GJS_DEBUG_OUTPUT = stderr
# default
.RECIPEPREFIX := 
# environment
LC_ADDRESS = fr_FR.UTF-8
# environment
LANG = C
# environment
VSCODE_PID = 363849
# environment
_CE_CONDA = 
# variable set hash-table stats:
# Load=148/1024=14%, Rehash=0, Collisions=24/182=13%

# Pattern-specific Variable Values

# No pattern-specific variable values.

# Directories

# . (device 2055, inode 42602919): 12 files, no impossibilities.

# 12 files, no impossibilities in 1 directories.

# Implicit Rules

%.hpux_make_needs_suffix_list:

# 1 implicit rules, 0 (0.0%) terminal.

# Files

cmake_force:
#  Phony target (prerequisite of .PHONY).
#  Implicit rule search has not been done.
#  File does not exist.
#  File has not been updated.

home/khadimou/PhoenixHDF5/tmp_project/StringUtils/src/string_function.s: home/khadimou/PhoenixHDF5/tmp_project/StringUtils/src/string_function.cpp.s
#  Phony target (prerequisite of .PHONY).
#  Implicit rule search has not been done.
#  File does not exist.
#  File has not been updated.

home/khadimou/PhoenixHDF5/tmp_project/StringUtils/src/string_filename.i: home/khadimou/PhoenixHDF5/tmp_project/StringUtils/src/string_filename.cpp.i
#  Phony target (prerequisite of .PHONY).
#  Implicit rule search has not been done.
#  File does not exist.
#  File has not been updated.

edit_cache:
#  Phony target (prerequisite of .PHONY).
#  Implicit rule search has not been done.
#  File does not exist.
#  File has not been updated.
#  recipe to execute (from 'Makefile', line 72):
	@$(CMAKE_COMMAND) -E cmake_echo_color --switch=$(COLOR) --cyan "No interactive CMake dialog available..."
	/usr/bin/cmake -E echo No\ interactive\ CMake\ dialog\ available.

home/khadimou/PhoenixHDF5/tmp_project/StringUtils/src/string_system.s: home/khadimou/PhoenixHDF5/tmp_project/StringUtils/src/string_system.cpp.s
#  Phony target (prerequisite of .PHONY).
#  Implicit rule search has not been done.
#  File does not exist.
#  File has not been updated.

all: cmake_check_build_system
#  Phony target (prerequisite of .PHONY).
#  Command line target.
#  Implicit rule search has not been done.
#  File does not exist.
#  File has been updated.
#  Needs to be updated (-q is set).
# variable set hash-table stats:
# Load=0/32=0%, Rehash=0, Collisions=0/6=0%
#  recipe to execute (from 'Makefile', line 83):
	$(CMAKE_COMMAND) -E cmake_progress_start /home/khadimou/Stage/CPP/build/CMakeFiles /home/khadimou/Stage/CPP/build/CMakeFiles/progress.marks
	$(MAKE) -f CMakeFiles/Makefile2 all
	$(CMAKE_COMMAND) -E cmake_progress_start /home/khadimou/Stage/CPP/build/CMakeFiles 0

home/khadimou/PhoenixHDF5/tmp_project/StringUtils/src/string_filename.cpp.o:
#  Phony target (prerequisite of .PHONY).
#  Implicit rule search has not been done.
#  File does not exist.
#  File has not been updated.
#  recipe to execute (from 'Makefile', line 159):
	$(MAKE) -f CMakeFiles/test_table_config_full.dir/build.make CMakeFiles/test_table_config_full.dir/home/khadimou/PhoenixHDF5/tmp_project/StringUtils/src/string_filename.cpp.o

.PHONY: default_target cmake_force rebuild_cache rebuild_cache/fast edit_cache edit_cache/fast all clean clean/fast preinstall preinstall/fast depend test_table_config_full test_table_config_full/fast configTable.o configTable.cpp.o configTable.i configTable.cpp.i configTable.s configTable.cpp.s home/khadimou/PhoenixHDF5/tmp_project/StringUtils/src/string_filename.o home/khadimou/PhoenixHDF5/tmp_project/StringUtils/src/string_filename.cpp.o home/khadimou/PhoenixHDF5/tmp_project/StringUtils/src/string_filename.i home/khadimou/PhoenixHDF5/tmp_project/StringUtils/src/string_filename.cpp.i home/khadimou/PhoenixHDF5/tmp_project/StringUtils/src/string_filename.s home/khadimou/PhoenixHDF5/tmp_project/StringUtils/src/string_filename.cpp.s home/khadimou/PhoenixHDF5/tmp_project/StringUtils/src/string_function.o home/khadimou/PhoenixHDF5/tmp_project/StringUtils/src/string_function.cpp.o home/khadimou/PhoenixHDF5/tmp_project/StringUtils/src/string_function.i home/khadimou/PhoenixHDF5/tmp_project/StringUtils/src/string_function.cpp.i home/khadimou/PhoenixHDF5/tmp_project/StringUtils/src/string_function.s home/khadimou/PhoenixHDF5/tmp_project/StringUtils/src/string_function.cpp.s home/khadimou/PhoenixHDF5/tmp_project/StringUtils/src/string_system.o home/khadimou/PhoenixHDF5/tmp_project/StringUtils/src/string_system.cpp.o home/khadimou/PhoenixHDF5/tmp_project/StringUtils/src/string_system.i home/khadimou/PhoenixHDF5/tmp_project/StringUtils/src/string_system.cpp.i home/khadimou/PhoenixHDF5/tmp_project/StringUtils/src/string_system.s home/khadimou/PhoenixHDF5/tmp_project/StringUtils/src/string_system.cpp.s main_full.o main_full.cpp.o main_full.i main_full.cpp.i main_full.s main_full.cpp.s help cmake_check_build_system
#  Implicit rule search has not been done.
#  Modification time never checked.
#  File has not been updated.

preinstall/fast:
#  Phony target (prerequisite of .PHONY).
#  Implicit rule search has not been done.
#  File does not exist.
#  File has not been updated.
#  recipe to execute (from 'Makefile', line 105):
	$(MAKE) -f CMakeFiles/Makefile2 preinstall

configTable.cpp.i:
#  Phony target (prerequisite of .PHONY).
#  Implicit rule search has not been done.
#  File does not exist.
#  File has not been updated.
#  recipe to execute (from 'Makefile', line 141):
	$(MAKE) -f CMakeFiles/test_table_config_full.dir/build.make CMakeFiles/test_table_config_full.dir/configTable.cpp.i

configTable.cpp.o:
#  Phony target (prerequisite of .PHONY).
#  Implicit rule search has not been done.
#  File does not exist.
#  File has not been updated.
#  recipe to execute (from 'Makefile', line 132):
	$(MAKE) -f CMakeFiles/test_table_config_full.dir/build.make CMakeFiles/test_table_config_full.dir/configTable.cpp.o

home/khadimou/PhoenixHDF5/tmp_project/StringUtils/src/string_function.cpp.i:
#  Phony target (prerequisite of .PHONY).
#  Implicit rule search has not been done.
#  File does not exist.
#  File has not been updated.
#  recipe to execute (from 'Makefile', line 195):
	$(MAKE) -f CMakeFiles/test_table_config_full.dir/build.make CMakeFiles/test_table_config_full.dir/home/khadimou/PhoenixHDF5/tmp_project/StringUtils/src/string_function.cpp.i

home/khadimou/PhoenixHDF5/tmp_project/StringUtils/src/string_function.cpp.o:
#  Phony target (prerequisite of .PHONY).
#  Implicit rule search has not been done.
#  File does not exist.
#  File has not been updated.
#  recipe to execute (from 'Makefile', line 186):
	$(MAKE) -f CMakeFiles/test_table_config_full.dir/build.make CMakeFiles/test_table_config_full.dir/home/khadimou/PhoenixHDF5/tmp_project/StringUtils/src/string_function.cpp.o

.SUFFIXES: .hpux_make_needs_suffix_list
#  Implicit rule search has not been done.
#  Modification time never checked.
#  File has not been updated.

# Not a target:
Makefile:
#  Implicit rule search has been done.
#  Last modified 2022-06-23 16:43:20.265236382
#  File has been updated.
#  Successfully updated.

home/khadimou/PhoenixHDF5/tmp_project/StringUtils/src/string_system.cpp.i:
#  Phony target (prerequisite of .PHONY).
#  Implicit rule search has not been done.
#  File does not exist.
#  File has not been updated.
#  recipe to execute (from 'Makefile', line 222):
	$(MAKE) -f CMakeFiles/test_table_config_full.dir/build.make CMakeFiles/test_table_config_full.dir/home/khadimou/PhoenixHDF5/tmp_project/StringUtils/src/string_system.cpp.i

home/khadimou/PhoenixHDF5/tmp_project/StringUtils/src/string_system.cpp.o:
#  Phony target (prerequisite of .PHONY).
#  Implicit rule search has not been done.
#  File does not exist.
#  File has not been updated.
#  recipe to execute (from 'Makefile', line 213):
	$(MAKE) -f CMakeFiles/test_table_config_full.dir/build.make CMakeFiles/test_table_config_full.dir/home/khadimou/PhoenixHDF5/tmp_project/StringUtils/src/string_system.cpp.o

main_full.s: main_full.cpp.s
#  Phony target (prerequisite of .PHONY).
#  Implicit rule search has not been done.
#  File does not exist.
#  File has not been updated.

.NOTPARALLEL:
#  Implicit rule search has not been done.
#  Modification time never checked.
#  File has not been updated.

test_table_config_full/fast:
#  Phony target (prerequisite of .PHONY).
#  Implicit rule search has not been done.
#  File does not exist.
#  File has not been updated.
#  recipe to execute (from 'Makefile', line 123):
	$(MAKE) -f CMakeFiles/test_table_config_full.dir/build.make CMakeFiles/test_table_config_full.dir/build

configTable.s: configTable.cpp.s
#  Phony target (prerequisite of .PHONY).
#  Implicit rule search has not been done.
#  File does not exist.
#  File has not been updated.

clean/fast: clean
#  Phony target (prerequisite of .PHONY).
#  Implicit rule search has not been done.
#  File does not exist.
#  File has not been updated.

cmake_check_build_system:
#  Phony target (prerequisite of .PHONY).
#  Implicit rule search has not been done.
#  Implicit/static pattern stem: ''
#  File does not exist.
#  File has been updated.
#  Needs to be updated (-q is set).
# automatic
# @ := cmake_check_build_system
# automatic
# % := 
# automatic
# * := 
# automatic
# + := 
# automatic
# | := 
# automatic
# < := 
# automatic
# ^ := 
# automatic
# ? := 
# variable set hash-table stats:
# Load=8/32=25%, Rehash=0, Collisions=3/14=21%
#  recipe to execute (from 'Makefile', line 296):
	$(CMAKE_COMMAND) -S$(CMAKE_SOURCE_DIR) -B$(CMAKE_BINARY_DIR) --check-build-system CMakeFiles/Makefile.cmake 0

home/khadimou/PhoenixHDF5/tmp_project/StringUtils/src/string_filename.s: home/khadimou/PhoenixHDF5/tmp_project/StringUtils/src/string_filename.cpp.s
#  Phony target (prerequisite of .PHONY).
#  Implicit rule search has not been done.
#  File does not exist.
#  File has not been updated.

help:
#  Phony target (prerequisite of .PHONY).
#  Implicit rule search has not been done.
#  File does not exist.
#  File has not been updated.
#  recipe to execute (from 'Makefile', line 263):
	@echo "The following are some of the valid targets for this Makefile:"
	@echo "... all (the default if no target is provided)"
	@echo "... clean"
	@echo "... depend"
	@echo "... rebuild_cache"
	@echo "... edit_cache"
	@echo "... test_table_config_full"
	@echo "... configTable.o"
	@echo "... configTable.i"
	@echo "... configTable.s"
	@echo "... home/khadimou/PhoenixHDF5/tmp_project/StringUtils/src/string_filename.o"
	@echo "... home/khadimou/PhoenixHDF5/tmp_project/StringUtils/src/string_filename.i"
	@echo "... home/khadimou/PhoenixHDF5/tmp_project/StringUtils/src/string_filename.s"
	@echo "... home/khadimou/PhoenixHDF5/tmp_project/StringUtils/src/string_function.o"
	@echo "... home/khadimou/PhoenixHDF5/tmp_project/StringUtils/src/string_function.i"
	@echo "... home/khadimou/PhoenixHDF5/tmp_project/StringUtils/src/string_function.s"
	@echo "... home/khadimou/PhoenixHDF5/tmp_project/StringUtils/src/string_system.o"
	@echo "... home/khadimou/PhoenixHDF5/tmp_project/StringUtils/src/string_system.i"
	@echo "... home/khadimou/PhoenixHDF5/tmp_project/StringUtils/src/string_system.s"
	@echo "... main_full.o"
	@echo "... main_full.i"
	@echo "... main_full.s"

preinstall: all
#  Phony target (prerequisite of .PHONY).
#  Implicit rule search has not been done.
#  File does not exist.
#  File has not been updated.
#  recipe to execute (from 'Makefile', line 100):
	$(MAKE) -f CMakeFiles/Makefile2 preinstall

main_full.cpp.i:
#  Phony target (prerequisite of .PHONY).
#  Implicit rule search has not been done.
#  File does not exist.
 
#  File has not been updated.
#  recipe to execute (from 'Makefile', line 249):
	$(MAKE) -f CMakeFiles/test_table_config_full.dir/build.make CMakeFiles/test_table_config_full.dir/main_full.cpp.i

main_full.cpp.o:
#  Phony target (prerequisite of .PHONY).
#  Implicit rule search has not been done.
#  File does not exist.
#  File has not been updated.
#  recipe to execute (from 'Makefile', line 240):
	$(MAKE) -f CMakeFiles/test_table_config_full.dir/build.make CMakeFiles/test_table_config_full.dir/main_full.cpp.o

.SILENT:
#  Implicit rule search has not been done.
#  Modification time never checked.
#  File has not been updated.

depend:
#  Phony target (prerequisite of .PHONY).
#  Implicit rule search has not been done.
#  File does not exist.
#  File has not been updated.
#  recipe to execute (from 'Makefile', line 110):
	$(CMAKE_COMMAND) -S$(CMAKE_SOURCE_DIR) -B$(CMAKE_BINARY_DIR) --check-build-system CMakeFiles/Makefile.cmake 1

configTable.cpp.s:
#  Phony target (prerequisite of .PHONY).
#  Implicit rule search has not been done.
#  File does not exist.
#  File has not been updated.
#  recipe to execute (from 'Makefile', line 150):
	$(MAKE) -f CMakeFiles/test_table_config_full.dir/build.make CMakeFiles/test_table_config_full.dir/configTable.cpp.s

home/khadimou/PhoenixHDF5/tmp_project/StringUtils/src/string_function.cpp.s:
#  Phony target (prerequisite of .PHONY).
#  Implicit rule search has not been done.
#  File does not exist.
#  File has not been updated.
#  recipe to execute (from 'Makefile', line 204):
	$(MAKE) -f CMakeFiles/test_table_config_full.dir/build.make CMakeFiles/test_table_config_full.dir/home/khadimou/PhoenixHDF5/tmp_project/StringUtils/src/string_function.cpp.s

# Not a target:
.DEFAULT:
#  Implicit rule search has not been done.
#  Modification time never checked.
#  File has not been updated.

default_target: all
#  Phony target (prerequisite of .PHONY).
#  Implicit rule search has not been done.
#  File does not exist.
#  File has not been updated.

home/khadimou/PhoenixHDF5/tmp_project/StringUtils/src/string_filename.cpp.i:
#  Phony target (prerequisite of .PHONY).
#  Implicit rule search has not been done.
#  File does not exist.
#  File has not been updated.
#  recipe to execute (from 'Makefile', line 168):
	$(MAKE) -f CMakeFiles/test_table_config_full.dir/build.make CMakeFiles/test_table_config_full.dir/home/khadimou/PhoenixHDF5/tmp_project/StringUtils/src/string_filename.cpp.i

configTable.i: configTable.cpp.i
#  Phony target (prerequisite of .PHONY).
#  Implicit rule search has not been done.
#  File does not exist.
#  File has not been updated.

configTable.o: configTable.cpp.o
#  Phony target (prerequisite of .PHONY).
#  Implicit rule search has not been done.
#  File does not exist.
#  File has not been updated.

test_table_config_full: cmake_check_build_system
#  Phony target (prerequisite of .PHONY).
#  Implicit rule search has not been done.
#  File does not exist.
#  File has not been updated.
#  recipe to execute (from 'Makefile', line 118):
	$(MAKE) -f CMakeFiles/Makefile2 test_table_config_full

home/khadimou/PhoenixHDF5/tmp_project/StringUtils/src/string_function.i: home/khadimou/PhoenixHDF5/tmp_project/StringUtils/src/string_function.cpp.i
#  Phony target (prerequisite of .PHONY).
#  Implicit rule search has not been done.
#  File does not exist.
#  File has not been updated.

home/khadimou/PhoenixHDF5/tmp_project/StringUtils/src/string_function.o: home/khadimou/PhoenixHDF5/tmp_project/StringUtils/src/string_function.cpp.o
#  Phony target (prerequisite of .PHONY).
#  Implicit rule search has not been done.
#  File does not exist.
#  File has not been updated.

home/khadimou/PhoenixHDF5/tmp_project/StringUtils/src/string_system.cpp.s:
#  Phony target (prerequisite of .PHONY).
#  Implicit rule search has not been done.
#  File does not exist.
#  File has not been updated.
#  recipe to execute (from 'Makefile', line 231):
	$(MAKE) -f CMakeFiles/test_table_config_full.dir/build.make CMakeFiles/test_table_config_full.dir/home/khadimou/PhoenixHDF5/tmp_project/StringUtils/src/string_system.cpp.s

clean:
#  Phony target (prerequisite of .PHONY).
#  Implicit rule search has not been done.
#  File does not exist.
#  File has not been updated.
#  recipe to execute (from 'Makefile', line 90):
	$(MAKE) -f CMakeFiles/Makefile2 clean

rebuild_cache/fast: rebuild_cache
#  Phony target (prerequisite of .PHONY).
#  Implicit rule search has not been done.
#  File does not exist.
#  File has not been updated.

edit_cache/fast: edit_cache
#  Phony target (prerequisite of .PHONY).
#  Implicit rule search has not been done.
#  File does not exist.
#  File has not been updated.

home/khadimou/PhoenixHDF5/tmp_project/StringUtils/src/string_system.i: home/khadimou/PhoenixHDF5/tmp_project/StringUtils/src/string_system.cpp.i
#  Phony target (prerequisite of .PHONY).
#  Implicit rule search has not been done.
#  File does not exist.
#  File has not been updated.

home/khadimou/PhoenixHDF5/tmp_project/StringUtils/src/string_system.o: home/khadimou/PhoenixHDF5/tmp_project/StringUtils/src/string_system.cpp.o
#  Phony target (prerequisite of .PHONY).
#  Implicit rule search has not been done.
#  File does not exist.
#  File has not been updated.

# Not a target:
.hpux_make_needs_suffix_list:
#  Implicit rule search has not been done.
#  Modification time never checked.
#  File has not been updated.

main_full.cpp.s:
#  Phony target (prerequisite of .PHONY).
#  Implicit rule search has not been done.
#  File does not exist.
#  File has not been updated.
#  recipe to execute (from 'Makefile', line 258):
	$(MAKE) -f CMakeFiles/test_table_config_full.dir/build.make CMakeFiles/test_table_config_full.dir/main_full.cpp.s

main_full.i: main_full.cpp.i
#  Phony target (prerequisite of .PHONY).
#  Implicit rule search has not been done.
#  File does not exist.
#  File has not been updated.

main_full.o: main_full.cpp.o
#  Phony target (prerequisite of .PHONY).
#  Implicit rule search has not been done.
#  File does not exist.
#  File has not been updated.

home/khadimou/PhoenixHDF5/tmp_project/StringUtils/src/string_filename.o: home/khadimou/PhoenixHDF5/tmp_project/StringUtils/src/string_filename.cpp.o
#  Phony target (prerequisite of .PHONY).
#  Implicit rule search has not been done.
#  File does not exist.
#  File has not been updated.

home/khadimou/PhoenixHDF5/tmp_project/StringUtils/src/string_filename.cpp.s:
#  Phony target (prerequisite of .PHONY).
#  Implicit rule search has not been done.
#  File does not exist.
#  File has not been updated.
#  recipe to execute (from 'Makefile', line 177):
	$(MAKE) -f CMakeFiles/test_table_config_full.dir/build.make CMakeFiles/test_table_config_full.dir/home/khadimou/PhoenixHDF5/tmp_project/StringUtils/src/string_filename.cpp.s

rebuild_cache:
#  Phony target (prerequisite of .PHONY).
#  Implicit rule search has not been done.
#  File does not exist.
#  File has not been updated.
#  recipe to execute (from 'Makefile', line 61):
	@$(CMAKE_COMMAND) -E cmake_echo_color --switch=$(COLOR) --cyan "Running CMake to regenerate build system..."
	/usr/bin/cmake -S$(CMAKE_SOURCE_DIR) -B$(CMAKE_BINARY_DIR)

# files hash-table stats:
# Load=53/1024=5%, Rehash=0, Collisions=12/197=6%
# VPATH Search Paths

# No 'vpath' search paths.

# No general ('VPATH' variable) search path.

# strcache buffers: 1 (0) / strings = 66 / storage = 1993 B / avg = 30 B
# current buf: size = 8162 B / used = 1993 B / count = 66 / avg = 30 B

# strcache performance: lookups = 284 / hit rate = 76%
# hash-table stats:
# Load=66/8192=1%, Rehash=0, Collisions=9/284=3%
# Finished Make data base on Fri Jun 24 14:27:45 2022

 
